Performing C SOURCE FILE Test CMAKE_HAVE_LIBC_PTHREAD failed with the following output:
Change Dir: /mnt/c/Users/olivi/Documents/University/Year Two/Semester Two/COS214/Project/COS214Project/COS214assignment/build/CMakeFiles/CMakeTmp

Run Build Command(s):/usr/bin/make cmTC_f7b4f/fast && make: Warning: File 'Makefile' has modification time 58386 s in the future
/usr/bin/make -f CMakeFiles/cmTC_f7b4f.dir/build.make CMakeFiles/cmTC_f7b4f.dir/build
make[1]: Entering directory '/mnt/c/Users/olivi/Documents/University/Year Two/Semester Two/COS214/Project/COS214Project/COS214assignment/build/CMakeFiles/CMakeTmp'
make[1]: Warning: File 'CMakeFiles/cmTC_f7b4f.dir/flags.make' has modification time 58385 s in the future
Building C object CMakeFiles/cmTC_f7b4f.dir/src.c.o
/usr/bin/gcc   -DCMAKE_HAVE_LIBC_PTHREAD -fPIE   -std=gnu99 -o CMakeFiles/cmTC_f7b4f.dir/src.c.o   -c "/mnt/c/Users/olivi/Documents/University/Year Two/Semester Two/COS214/Project/COS214Project/COS214assignment/build/CMakeFiles/CMakeTmp/src.c"
Linking C executable cmTC_f7b4f
/usr/bin/cmake -E cmake_link_script CMakeFiles/cmTC_f7b4f.dir/link.txt --verbose=1
/usr/bin/gcc  -DCMAKE_HAVE_LIBC_PTHREAD    CMakeFiles/cmTC_f7b4f.dir/src.c.o  -o cmTC_f7b4f 
/usr/bin/ld: CMakeFiles/cmTC_f7b4f.dir/src.c.o: in function `main':
src.c:(.text+0x46): undefined reference to `pthread_create'
/usr/bin/ld: src.c:(.text+0x52): undefined reference to `pthread_detach'
/usr/bin/ld: src.c:(.text+0x63): undefined reference to `pthread_join'
collect2: error: ld returned 1 exit status
make[1]: *** [CMakeFiles/cmTC_f7b4f.dir/build.make:87: cmTC_f7b4f] Error 1
make[1]: Leaving directory '/mnt/c/Users/olivi/Documents/University/Year Two/Semester Two/COS214/Project/COS214Project/COS214assignment/build/CMakeFiles/CMakeTmp'
make: *** [Makefile:121: cmTC_f7b4f/fast] Error 2


Source file was:
#include <pthread.h>

void* test_func(void* data)
{
  return data;
}

int main(void)
{
  pthread_t thread;
  pthread_create(&thread, NULL, test_func, NULL);
  pthread_detach(thread);
  pthread_join(thread, NULL);
  pthread_atfork(NULL, NULL, NULL);
  pthread_exit(NULL);

  return 0;
}

Determining if the function pthread_create exists in the pthreads failed with the following output:
Change Dir: /mnt/c/Users/olivi/Documents/University/Year Two/Semester Two/COS214/Project/COS214Project/COS214assignment/build/CMakeFiles/CMakeTmp

Run Build Command(s):/usr/bin/make cmTC_dcc4a/fast && make: Warning: File 'Makefile' has modification time 58386 s in the future
/usr/bin/make -f CMakeFiles/cmTC_dcc4a.dir/build.make CMakeFiles/cmTC_dcc4a.dir/build
make[1]: Entering directory '/mnt/c/Users/olivi/Documents/University/Year Two/Semester Two/COS214/Project/COS214Project/COS214assignment/build/CMakeFiles/CMakeTmp'
make[1]: Warning: File 'CMakeFiles/cmTC_dcc4a.dir/flags.make' has modification time 58386 s in the future
Building C object CMakeFiles/cmTC_dcc4a.dir/CheckFunctionExists.c.o
/usr/bin/gcc   -DCHECK_FUNCTION_EXISTS=pthread_create -fPIE   -std=gnu99 -o CMakeFiles/cmTC_dcc4a.dir/CheckFunctionExists.c.o   -c /usr/share/cmake-3.16/Modules/CheckFunctionExists.c
Linking C executable cmTC_dcc4a
/usr/bin/cmake -E cmake_link_script CMakeFiles/cmTC_dcc4a.dir/link.txt --verbose=1
/usr/bin/gcc  -DCHECK_FUNCTION_EXISTS=pthread_create    CMakeFiles/cmTC_dcc4a.dir/CheckFunctionExists.c.o  -o cmTC_dcc4a  -lpthreads 
/usr/bin/ld: cannot find -lpthreads
collect2: error: ld returned 1 exit status
make[1]: *** [CMakeFiles/cmTC_dcc4a.dir/build.make:87: cmTC_dcc4a] Error 1
make[1]: Leaving directory '/mnt/c/Users/olivi/Documents/University/Year Two/Semester Two/COS214/Project/COS214Project/COS214assignment/build/CMakeFiles/CMakeTmp'
make: *** [Makefile:121: cmTC_dcc4a/fast] Error 2



